<?xml version="1.0" encoding="UTF-8"?>
<!-- Generated by org.testng.reporters.JUnitXMLReporter -->
<testsuite ignored="0" hostname="DESKTOP-ROH1057" failures="1" tests="1" name="VerifyStockPrice" time="9.282" errors="0" timestamp="2025-01-09T10:23:54 IST">
  <testcase classname="test.VerifyStockPrice" name="verifyTheStockPrice" time="9.221">
    <failure type="java.lang.ExceptionInInitializerError">
      <![CDATA[java.lang.ExceptionInInitializerError
at test.VerifyStockPrice.verifyTheStockPrice(VerifyStockPrice.java:15)
at java.base/java.util.ArrayList.forEach(ArrayList.java:1597)
at test.TestRunner.main(TestRunner.java:15)
Caused by: java.lang.NullPointerException: Cannot invoke "org.openqa.selenium.WebDriver.findElement(org.openqa.selenium.By)" because "pages.HomePage.driver" is null
at pages.HomePage.<clinit>(HomePage.java:10)
... 25 more
... Removed 22 stack frames]]>
    </failure>
  </testcase> <!-- verifyTheStockPrice -->
</testsuite> <!-- VerifyStockPrice -->
